2021-01-16 00:00:28.534  INFO 2032 --- [XNIO-1 task-31] l.server.io.HandshakeInterceptorImpl     : Incoming connection from /127.0.0.1:61686
2021-01-16 00:00:28.569  INFO 2032 --- [XNIO-1 task-31] lavalink.server.io.SocketServer          : Connection successfully established from /127.0.0.1:61686
2021-01-16 00:00:32.680  INFO 2032 --- [XNIO-1 task-32] l.server.player.AudioLoaderRestHandler   : Got request to load for identifier "https://youtu.be/1exK34r_BaU"
2021-01-16 00:00:33.077  INFO 2032 --- [lava-daemon-pool-info-loader-2-thread-1] lavalink.server.player.AudioLoader       : Loaded track Ehe Te Nandayo! (?^?)
2021-01-16 00:00:33.107  INFO 2032 --- [XNIO-1 I/O-6] lavalink.server.io.SocketServer          : {"endTime":10000,"track":"QAAAegIAGUVoZSBUZSBOYW5kYXlvISAo77\u002BjXu\u002B/oykAB0hvZGFrYWEAAAAAAAAnEAALMWV4SzM0cl9CYVUAAQAraHR0cHM6Ly93d3cueW91dHViZS5jb20vd2F0Y2g/dj0xZXhLMzRyX0JhVQAHeW91dHViZQAAAAAAAAAA","noReplace":false,"startTime":0,"guildId":"768940267993563167","op":"play"}
2021-01-16 00:00:33.442  INFO 2032 --- [XNIO-1 I/O-6] lavalink.server.io.SocketServer          : {"guildId":"768940267993563167","sessionId":"469f5983397493a40fcb65c802d27d10","event":{"token":"7ddea922afdb680a","endpoint":"russia2380.discord.media:443"},"op":"voiceUpdate"}
2021-01-16 00:00:34.298  INFO 2032 --- [XNIO-1 task-34] l.server.player.AudioLoaderRestHandler   : Got request to load for identifier "https://youtu.be/lL6vBBSuZrE"
2021-01-16 00:00:34.602  INFO 2032 --- [lava-daemon-pool-info-loader-2-thread-1] lavalink.server.player.AudioLoader       : Loaded track 88005553535? Проще позвонить, чем у кого-то занимать
2021-01-16 00:00:43.801  INFO 2032 --- [XNIO-1 I/O-6] lavalink.server.io.SocketServer          : {"endTime":15000,"track":"QAAAuQIAWTg4MDA1NTUzNTM17aC97bOxINCf0YDQvtGJ0LUg0L/QvtC30LLQvtC90LjRgtGMLCDRh9C10Lwg0YMg0LrQvtCz0L4t0YLQviDQt9Cw0L3QuNC80LDRgtGMAAZkZGVuZ2kAAAAAAAA6mAALbEw2dkJCU3VackUAAQAraHR0cHM6Ly93d3cueW91dHViZS5jb20vd2F0Y2g/dj1sTDZ2QkJTdVpyRQAHeW91dHViZQAAAAAAAAAA","noReplace":false,"startTime":0,"guildId":"768940267993563167","op":"play"}
2021-01-16 00:00:59.219  INFO 2032 --- [XNIO-1 I/O-6] lavalink.server.io.SocketServer          : {"endTime":10000,"track":"QAAAegIAGUVoZSBUZSBOYW5kYXlvISAo77\u002BjXu\u002B/oykAB0hvZGFrYWEAAAAAAAAnEAALMWV4SzM0cl9CYVUAAQAraHR0cHM6Ly93d3cueW91dHViZS5jb20vd2F0Y2g/dj0xZXhLMzRyX0JhVQAHeW91dHViZQAAAAAAAAAA","noReplace":false,"startTime":0,"guildId":"768940267993563167","op":"play"}
2021-01-16 00:01:09.594  INFO 2032 --- [XNIO-1 I/O-6] lavalink.server.io.SocketServer          : {"endTime":15000,"track":"QAAAuQIAWTg4MDA1NTUzNTM17aC97bOxINCf0YDQvtGJ0LUg0L/QvtC30LLQvtC90LjRgtGMLCDRh9C10Lwg0YMg0LrQvtCz0L4t0YLQviDQt9Cw0L3QuNC80LDRgtGMAAZkZGVuZ2kAAAAAAAA6mAALbEw2dkJCU3VackUAAQAraHR0cHM6Ly93d3cueW91dHViZS5jb20vd2F0Y2g/dj1sTDZ2QkJTdVpyRQAHeW91dHViZQAAAAAAAAAA","noReplace":false,"startTime":0,"guildId":"768940267993563167","op":"play"}
2021-01-16 00:01:11.794  INFO 2032 --- [XNIO-1 task-36] l.server.player.AudioLoaderRestHandler   : Got request to load for identifier "https://youtu.be/XIROsysWyL8"
2021-01-16 00:01:12.192  INFO 2032 --- [lava-daemon-pool-info-loader-2-thread-1] lavalink.server.player.AudioLoader       : Loaded track Mighty Heap feat. Hatsune Miku - Sorcerer's Doll (Кукла колдуна - КиШ cover)
2021-01-16 00:01:24.954  INFO 2032 --- [XNIO-1 I/O-6] lavalink.server.io.SocketServer          : {"endTime":10000,"track":"QAAAegIAGUVoZSBUZSBOYW5kYXlvISAo77\u002BjXu\u002B/oykAB0hvZGFrYWEAAAAAAAAnEAALMWV4SzM0cl9CYVUAAQAraHR0cHM6Ly93d3cueW91dHViZS5jb20vd2F0Y2g/dj0xZXhLMzRyX0JhVQAHeW91dHViZQAAAAAAAAAA","noReplace":false,"startTime":0,"guildId":"768940267993563167","op":"play"}
2021-01-16 00:01:25.401  INFO 2032 --- [XNIO-1 I/O-6] lavalink.server.io.SocketServer          : {"guildId":"768940267993563167","op":"stop"}
2021-01-16 00:01:25.403  INFO 2032 --- [XNIO-1 I/O-6] lavalink.server.io.SocketServer          : {"endTime":15000,"track":"QAAAuQIAWTg4MDA1NTUzNTM17aC97bOxINCf0YDQvtGJ0LUg0L/QvtC30LLQvtC90LjRgtGMLCDRh9C10Lwg0YMg0LrQvtCz0L4t0YLQviDQt9Cw0L3QuNC80LDRgtGMAAZkZGVuZ2kAAAAAAAA6mAALbEw2dkJCU3VackUAAQAraHR0cHM6Ly93d3cueW91dHViZS5jb20vd2F0Y2g/dj1sTDZ2QkJTdVpyRQAHeW91dHViZQAAAAAAAAAA","noReplace":false,"startTime":0,"guildId":"768940267993563167","op":"play"}
2021-01-16 00:01:25.446  INFO 2032 --- [XNIO-1 I/O-6] lavalink.server.io.SocketServer          : {"endTime":205000,"track":"QAAAwAIAW01pZ2h0eSBIZWFwIGZlYXQuIEhhdHN1bmUgTWlrdSAtIFNvcmNlcmVyJ3MgRG9sbCAo0JrRg9C60LvQsCDQutC\u002B0LvQtNGD0L3QsCAtINCa0LjQqCBjb3ZlcikAC01pZ2h0eSBIZWFwAAAAAAADIMgAC1hJUk9zeXNXeUw4AAEAK2h0dHBzOi8vd3d3LnlvdXR1YmUuY29tL3dhdGNoP3Y9WElST3N5c1d5TDgAB3lvdXR1YmUAAAAAAAAAAA==","noReplace":false,"startTime":0,"guildId":"768940267993563167","op":"play"}
2021-01-16 00:01:25.452  INFO 2032 --- [XNIO-1 I/O-6] lavalink.server.io.SocketServer          : {"endTime":10000,"track":"QAAAegIAGUVoZSBUZSBOYW5kYXlvISAo77\u002BjXu\u002B/oykAB0hvZGFrYWEAAAAAAAAnEAALMWV4SzM0cl9CYVUAAQAraHR0cHM6Ly93d3cueW91dHViZS5jb20vd2F0Y2g/dj0xZXhLMzRyX0JhVQAHeW91dHViZQAAAAAAAAAA","noReplace":false,"startTime":0,"guildId":"768940267993563167","op":"play"}
2021-01-16 00:01:26.638  INFO 2032 --- [XNIO-1 I/O-6] lavalink.server.io.SocketServer          : {"guildId":"768940267993563167","op":"stop"}
2021-01-16 00:01:37.961  INFO 2032 --- [XNIO-1 I/O-6] lavalink.server.io.SocketServer          : Connection closed from /127.0.0.1:61686 -- CloseStatus[code=1006, reason=]
2021-01-16 00:01:37.962  INFO 2032 --- [XNIO-1 I/O-6] lavalink.server.io.SocketContext         : Shutting down 0 playing players.
2021-01-16 00:01:50.577  INFO 2032 --- [XNIO-1 task-38] l.server.io.HandshakeInterceptorImpl     : Incoming connection from /127.0.0.1:61708
2021-01-16 00:01:50.580  INFO 2032 --- [XNIO-1 task-38] lavalink.server.io.SocketServer          : Connection successfully established from /127.0.0.1:61708
2021-01-16 00:02:01.456  INFO 2032 --- [XNIO-1 task-39] l.server.player.AudioLoaderRestHandler   : Got request to load for identifier "https://youtu.be/1exK34r_BaU"
2021-01-16 00:02:01.724  INFO 2032 --- [lava-daemon-pool-info-loader-2-thread-1] lavalink.server.player.AudioLoader       : Loaded track Ehe Te Nandayo! (?^?)
2021-01-16 00:02:01.755  INFO 2032 --- [XNIO-1 I/O-4] lavalink.server.io.SocketServer          : {"endTime":10000,"track":"QAAAegIAGUVoZSBUZSBOYW5kYXlvISAo77\u002BjXu\u002B/oykAB0hvZGFrYWEAAAAAAAAnEAALMWV4SzM0cl9CYVUAAQAraHR0cHM6Ly93d3cueW91dHViZS5jb20vd2F0Y2g/dj0xZXhLMzRyX0JhVQAHeW91dHViZQAAAAAAAAAA","noReplace":false,"startTime":0,"guildId":"768940267993563167","op":"play"}
2021-01-16 00:02:02.134  INFO 2032 --- [XNIO-1 I/O-4] lavalink.server.io.SocketServer          : {"guildId":"768940267993563167","sessionId":"3ae56a6893e0eca7c3a21e52e20525ad","event":{"token":"7ddea922afdb680a","endpoint":"russia2380.discord.media:443"},"op":"voiceUpdate"}
2021-01-16 00:02:02.650  INFO 2032 --- [XNIO-1 task-41] l.server.player.AudioLoaderRestHandler   : Got request to load for identifier "https://youtu.be/lL6vBBSuZrE"
2021-01-16 00:02:02.930  INFO 2032 --- [lava-daemon-pool-info-loader-2-thread-1] lavalink.server.player.AudioLoader       : Loaded track 88005553535? Проще позвонить, чем у кого-то занимать
2021-01-16 00:02:12.257  INFO 2032 --- [XNIO-1 I/O-4] lavalink.server.io.SocketServer          : {"endTime":15000,"track":"QAAAuQIAWTg4MDA1NTUzNTM17aC97bOxINCf0YDQvtGJ0LUg0L/QvtC30LLQvtC90LjRgtGMLCDRh9C10Lwg0YMg0LrQvtCz0L4t0YLQviDQt9Cw0L3QuNC80LDRgtGMAAZkZGVuZ2kAAAAAAAA6mAALbEw2dkJCU3VackUAAQAraHR0cHM6Ly93d3cueW91dHViZS5jb20vd2F0Y2g/dj1sTDZ2QkJTdVpyRQAHeW91dHViZQAAAAAAAAAA","noReplace":false,"startTime":0,"guildId":"768940267993563167","op":"play"}
2021-01-16 00:02:14.642  INFO 2032 --- [XNIO-1 I/O-4] lavalink.server.io.SocketServer          : Connection closed from /127.0.0.1:61708 -- CloseStatus[code=1006, reason=]
2021-01-16 00:02:14.642  INFO 2032 --- [XNIO-1 I/O-4] lavalink.server.io.SocketContext         : Shutting down 1 playing players.
2021-01-16 00:02:26.672  INFO 2032 --- [XNIO-1 task-43] l.server.io.HandshakeInterceptorImpl     : Incoming connection from /127.0.0.1:61715
2021-01-16 00:02:26.675  INFO 2032 --- [XNIO-1 task-43] lavalink.server.io.SocketServer          : Connection successfully established from /127.0.0.1:61715
2021-01-16 00:02:30.996  INFO 2032 --- [XNIO-1 task-44] l.server.player.AudioLoaderRestHandler   : Got request to load for identifier "https://youtu.be/1exK34r_BaU"
2021-01-16 00:02:31.294  INFO 2032 --- [lava-daemon-pool-info-loader-2-thread-1] lavalink.server.player.AudioLoader       : Loaded track Ehe Te Nandayo! (?^?)
2021-01-16 00:02:31.325  INFO 2032 --- [XNIO-1 I/O-11] lavalink.server.io.SocketServer          : {"endTime":10000,"track":"QAAAegIAGUVoZSBUZSBOYW5kYXlvISAo77\u002BjXu\u002B/oykAB0hvZGFrYWEAAAAAAAAnEAALMWV4SzM0cl9CYVUAAQAraHR0cHM6Ly93d3cueW91dHViZS5jb20vd2F0Y2g/dj0xZXhLMzRyX0JhVQAHeW91dHViZQAAAAAAAAAA","noReplace":false,"startTime":0,"guildId":"768940267993563167","op":"play"}
2021-01-16 00:02:31.652  INFO 2032 --- [XNIO-1 I/O-11] lavalink.server.io.SocketServer          : {"guildId":"768940267993563167","sessionId":"f54dbc614d5d3e6784191375163a7c3b","event":{"token":"7ddea922afdb680a","endpoint":"russia2380.discord.media:443"},"op":"voiceUpdate"}
2021-01-16 00:02:31.785  INFO 2032 --- [XNIO-1 task-46] l.server.player.AudioLoaderRestHandler   : Got request to load for identifier "https://youtu.be/lL6vBBSuZrE"
2021-01-16 00:02:32.115  INFO 2032 --- [lava-daemon-pool-info-loader-2-thread-1] lavalink.server.player.AudioLoader       : Loaded track 88005553535? Проще позвонить, чем у кого-то занимать
2021-01-16 00:02:41.779  INFO 2032 --- [XNIO-1 I/O-11] lavalink.server.io.SocketServer          : {"endTime":15000,"track":"QAAAuQIAWTg4MDA1NTUzNTM17aC97bOxINCf0YDQvtGJ0LUg0L/QvtC30LLQvtC90LjRgtGMLCDRh9C10Lwg0YMg0LrQvtCz0L4t0YLQviDQt9Cw0L3QuNC80LDRgtGMAAZkZGVuZ2kAAAAAAAA6mAALbEw2dkJCU3VackUAAQAraHR0cHM6Ly93d3cueW91dHViZS5jb20vd2F0Y2g/dj1sTDZ2QkJTdVpyRQAHeW91dHViZQAAAAAAAAAA","noReplace":false,"startTime":0,"guildId":"768940267993563167","op":"play"}
2021-01-16 00:02:57.094  INFO 2032 --- [XNIO-1 I/O-11] lavalink.server.io.SocketServer          : {"endTime":10000,"track":"QAAAegIAGUVoZSBUZSBOYW5kYXlvISAo77\u002BjXu\u002B/oykAB0hvZGFrYWEAAAAAAAAnEAALMWV4SzM0cl9CYVUAAQAraHR0cHM6Ly93d3cueW91dHViZS5jb20vd2F0Y2g/dj0xZXhLMzRyX0JhVQAHeW91dHViZQAAAAAAAAAA","noReplace":false,"startTime":0,"guildId":"768940267993563167","op":"play"}
2021-01-16 00:03:07.453  INFO 2032 --- [XNIO-1 I/O-11] lavalink.server.io.SocketServer          : {"endTime":15000,"track":"QAAAuQIAWTg4MDA1NTUzNTM17aC97bOxINCf0YDQvtGJ0LUg0L/QvtC30LLQvtC90LjRgtGMLCDRh9C10Lwg0YMg0LrQvtCz0L4t0YLQviDQt9Cw0L3QuNC80LDRgtGMAAZkZGVuZ2kAAAAAAAA6mAALbEw2dkJCU3VackUAAQAraHR0cHM6Ly93d3cueW91dHViZS5jb20vd2F0Y2g/dj1sTDZ2QkJTdVpyRQAHeW91dHViZQAAAAAAAAAA","noReplace":false,"startTime":0,"guildId":"768940267993563167","op":"play"}
2021-01-16 00:03:10.995  INFO 2032 --- [XNIO-1 task-48] l.server.player.AudioLoaderRestHandler   : Got request to load for identifier "https://youtu.be/XIROsysWyL8"
2021-01-16 00:03:11.415  INFO 2032 --- [lava-daemon-pool-info-loader-2-thread-1] lavalink.server.player.AudioLoader       : Loaded track Mighty Heap feat. Hatsune Miku - Sorcerer's Doll (Кукла колдуна - КиШ cover)
2021-01-16 00:03:22.793  INFO 2032 --- [XNIO-1 I/O-11] lavalink.server.io.SocketServer          : {"endTime":10000,"track":"QAAAegIAGUVoZSBUZSBOYW5kYXlvISAo77\u002BjXu\u002B/oykAB0hvZGFrYWEAAAAAAAAnEAALMWV4SzM0cl9CYVUAAQAraHR0cHM6Ly93d3cueW91dHViZS5jb20vd2F0Y2g/dj0xZXhLMzRyX0JhVQAHeW91dHViZQAAAAAAAAAA","noReplace":false,"startTime":0,"guildId":"768940267993563167","op":"play"}
2021-01-16 00:03:33.134  INFO 2032 --- [XNIO-1 I/O-11] lavalink.server.io.SocketServer          : {"endTime":205000,"track":"QAAAwAIAW01pZ2h0eSBIZWFwIGZlYXQuIEhhdHN1bmUgTWlrdSAtIFNvcmNlcmVyJ3MgRG9sbCAo0JrRg9C60LvQsCDQutC\u002B0LvQtNGD0L3QsCAtINCa0LjQqCBjb3ZlcikAC01pZ2h0eSBIZWFwAAAAAAADIMgAC1hJUk9zeXNXeUw4AAEAK2h0dHBzOi8vd3d3LnlvdXR1YmUuY29tL3dhdGNoP3Y9WElST3N5c1d5TDgAB3lvdXR1YmUAAAAAAAAAAA==","noReplace":false,"startTime":0,"guildId":"768940267993563167","op":"play"}
2021-01-16 00:03:33.531  INFO 2032 --- [XNIO-1 I/O-11] lavalink.server.io.SocketServer          : {"guildId":"768940267993563167","op":"stop"}
2021-01-16 00:03:33.537  INFO 2032 --- [XNIO-1 I/O-11] lavalink.server.io.SocketServer          : {"endTime":15000,"track":"QAAAuQIAWTg4MDA1NTUzNTM17aC97bOxINCf0YDQvtGJ0LUg0L/QvtC30LLQvtC90LjRgtGMLCDRh9C10Lwg0YMg0LrQvtCz0L4t0YLQviDQt9Cw0L3QuNC80LDRgtGMAAZkZGVuZ2kAAAAAAAA6mAALbEw2dkJCU3VackUAAQAraHR0cHM6Ly93d3cueW91dHViZS5jb20vd2F0Y2g/dj1sTDZ2QkJTdVpyRQAHeW91dHViZQAAAAAAAAAA","noReplace":false,"startTime":0,"guildId":"768940267993563167","op":"play"}
2021-01-16 00:03:38.529  INFO 2032 --- [XNIO-1 I/O-11] lavalink.server.io.SocketServer          : {"guildId":"768940267993563167","op":"stop"}
2021-01-16 00:03:38.531  INFO 2032 --- [XNIO-1 I/O-11] lavalink.server.io.SocketServer          : {"endTime":10000,"track":"QAAAegIAGUVoZSBUZSBOYW5kYXlvISAo77\u002BjXu\u002B/oykAB0hvZGFrYWEAAAAAAAAnEAALMWV4SzM0cl9CYVUAAQAraHR0cHM6Ly93d3cueW91dHViZS5jb20vd2F0Y2g/dj0xZXhLMzRyX0JhVQAHeW91dHViZQAAAAAAAAAA","noReplace":false,"startTime":0,"guildId":"768940267993563167","op":"play"}
2021-01-16 00:03:41.610  INFO 2032 --- [XNIO-1 I/O-11] lavalink.server.io.SocketServer          : {"guildId":"768940267993563167","op":"stop"}
2021-01-16 00:04:09.093  INFO 2032 --- [XNIO-1 task-50] l.server.player.AudioLoaderRestHandler   : Got request to load for identifier "https://youtu.be/1exK34r_BaU"
2021-01-16 00:04:09.396  INFO 2032 --- [lava-daemon-pool-info-loader-2-thread-1] lavalink.server.player.AudioLoader       : Loaded track Ehe Te Nandayo! (?^?)
2021-01-16 00:04:09.400  INFO 2032 --- [XNIO-1 I/O-11] lavalink.server.io.SocketServer          : {"endTime":10000,"track":"QAAAegIAGUVoZSBUZSBOYW5kYXlvISAo77\u002BjXu\u002B/oykAB0hvZGFrYWEAAAAAAAAnEAALMWV4SzM0cl9CYVUAAQAraHR0cHM6Ly93d3cueW91dHViZS5jb20vd2F0Y2g/dj0xZXhLMzRyX0JhVQAHeW91dHViZQAAAAAAAAAA","noReplace":false,"startTime":0,"guildId":"768940267993563167","op":"play"}
2021-01-16 00:04:10.503  INFO 2032 --- [XNIO-1 task-52] l.server.player.AudioLoaderRestHandler   : Got request to load for identifier "https://youtu.be/lL6vBBSuZrE"
2021-01-16 00:04:10.811  INFO 2032 --- [lava-daemon-pool-info-loader-2-thread-1] lavalink.server.player.AudioLoader       : Loaded track 88005553535? Проще позвонить, чем у кого-то занимать
2021-01-16 00:04:19.773  INFO 2032 --- [XNIO-1 I/O-11] lavalink.server.io.SocketServer          : {"endTime":15000,"track":"QAAAuQIAWTg4MDA1NTUzNTM17aC97bOxINCf0YDQvtGJ0LUg0L/QvtC30LLQvtC90LjRgtGMLCDRh9C10Lwg0YMg0LrQvtCz0L4t0YLQviDQt9Cw0L3QuNC80LDRgtGMAAZkZGVuZ2kAAAAAAAA6mAALbEw2dkJCU3VackUAAQAraHR0cHM6Ly93d3cueW91dHViZS5jb20vd2F0Y2g/dj1sTDZ2QkJTdVpyRQAHeW91dHViZQAAAAAAAAAA","noReplace":false,"startTime":0,"guildId":"768940267993563167","op":"play"}
2021-01-16 00:04:35.093  INFO 2032 --- [XNIO-1 I/O-11] lavalink.server.io.SocketServer          : {"endTime":10000,"track":"QAAAegIAGUVoZSBUZSBOYW5kYXlvISAo77\u002BjXu\u002B/oykAB0hvZGFrYWEAAAAAAAAnEAALMWV4SzM0cl9CYVUAAQAraHR0cHM6Ly93d3cueW91dHViZS5jb20vd2F0Y2g/dj0xZXhLMzRyX0JhVQAHeW91dHViZQAAAAAAAAAA","noReplace":false,"startTime":0,"guildId":"768940267993563167","op":"play"}
2021-01-16 00:04:45.453  INFO 2032 --- [XNIO-1 I/O-11] lavalink.server.io.SocketServer          : {"endTime":15000,"track":"QAAAuQIAWTg4MDA1NTUzNTM17aC97bOxINCf0YDQvtGJ0LUg0L/QvtC30LLQvtC90LjRgtGMLCDRh9C10Lwg0YMg0LrQvtCz0L4t0YLQviDQt9Cw0L3QuNC80LDRgtGMAAZkZGVuZ2kAAAAAAAA6mAALbEw2dkJCU3VackUAAQAraHR0cHM6Ly93d3cueW91dHViZS5jb20vd2F0Y2g/dj1sTDZ2QkJTdVpyRQAHeW91dHViZQAAAAAAAAAA","noReplace":false,"startTime":0,"guildId":"768940267993563167","op":"play"}
2021-01-16 00:04:49.117  INFO 2032 --- [XNIO-1 task-54] l.server.player.AudioLoaderRestHandler   : Got request to load for identifier "https://youtu.be/XIROsysWyL8"
2021-01-16 00:04:49.448  INFO 2032 --- [lava-daemon-pool-info-loader-2-thread-1] lavalink.server.player.AudioLoader       : Loaded track Mighty Heap feat. Hatsune Miku - Sorcerer's Doll (Кукла колдуна - КиШ cover)
2021-01-16 00:05:00.793  INFO 2032 --- [XNIO-1 I/O-11] lavalink.server.io.SocketServer          : {"endTime":10000,"track":"QAAAegIAGUVoZSBUZSBOYW5kYXlvISAo77\u002BjXu\u002B/oykAB0hvZGFrYWEAAAAAAAAnEAALMWV4SzM0cl9CYVUAAQAraHR0cHM6Ly93d3cueW91dHViZS5jb20vd2F0Y2g/dj0xZXhLMzRyX0JhVQAHeW91dHViZQAAAAAAAAAA","noReplace":false,"startTime":0,"guildId":"768940267993563167","op":"play"}
2021-01-16 00:05:01.659  INFO 2032 --- [XNIO-1 I/O-11] lavalink.server.io.SocketServer          : Connection closed from /127.0.0.1:61715 -- CloseStatus[code=1006, reason=]
2021-01-16 00:05:01.659  INFO 2032 --- [XNIO-1 I/O-11] lavalink.server.io.SocketContext         : Shutting down 1 playing players.
2021-01-16 00:13:30.063  INFO 2032 --- [XNIO-1 task-56] l.server.io.HandshakeInterceptorImpl     : Incoming connection from /127.0.0.1:61758
2021-01-16 00:13:30.068  INFO 2032 --- [XNIO-1 task-56] lavalink.server.io.SocketServer          : Connection successfully established from /127.0.0.1:61758
2021-01-16 00:13:43.407  INFO 2032 --- [XNIO-1 task-57] l.server.player.AudioLoaderRestHandler   : Got request to load for identifier "https://youtu.be/1exK34r_BaU"
2021-01-16 00:13:43.722  INFO 2032 --- [lava-daemon-pool-info-loader-2-thread-1] lavalink.server.player.AudioLoader       : Loaded track Ehe Te Nandayo! (?^?)
2021-01-16 00:13:43.755  INFO 2032 --- [XNIO-1 I/O-6] lavalink.server.io.SocketServer          : {"endTime":10000,"track":"QAAAegIAGUVoZSBUZSBOYW5kYXlvISAo77\u002BjXu\u002B/oykAB0hvZGFrYWEAAAAAAAAnEAALMWV4SzM0cl9CYVUAAQAraHR0cHM6Ly93d3cueW91dHViZS5jb20vd2F0Y2g/dj0xZXhLMzRyX0JhVQAHeW91dHViZQAAAAAAAAAA","noReplace":false,"startTime":0,"guildId":"768940267993563167","op":"play"}
2021-01-16 00:13:44.078  INFO 2032 --- [XNIO-1 I/O-6] lavalink.server.io.SocketServer          : {"guildId":"768940267993563167","sessionId":"7ce9e435f4a40168bafa5dacfaab141c","event":{"token":"cd6108dd91e0930a","endpoint":"russia2380.discord.media:443"},"op":"voiceUpdate"}
2021-01-16 00:13:44.618  INFO 2032 --- [XNIO-1 task-59] l.server.player.AudioLoaderRestHandler   : Got request to load for identifier "https://youtu.be/lL6vBBSuZrE"
2021-01-16 00:13:44.929  INFO 2032 --- [lava-daemon-pool-info-loader-2-thread-1] lavalink.server.player.AudioLoader       : Loaded track 88005553535? Проще позвонить, чем у кого-то занимать
2021-01-16 00:13:54.531  INFO 2032 --- [XNIO-1 I/O-6] lavalink.server.io.SocketServer          : {"endTime":15000,"track":"QAAAuQIAWTg4MDA1NTUzNTM17aC97bOxINCf0YDQvtGJ0LUg0L/QvtC30LLQvtC90LjRgtGMLCDRh9C10Lwg0YMg0LrQvtCz0L4t0YLQviDQt9Cw0L3QuNC80LDRgtGMAAZkZGVuZ2kAAAAAAAA6mAALbEw2dkJCU3VackUAAQAraHR0cHM6Ly93d3cueW91dHViZS5jb20vd2F0Y2g/dj1sTDZ2QkJTdVpyRQAHeW91dHViZQAAAAAAAAAA","noReplace":false,"startTime":0,"guildId":"768940267993563167","op":"play"}
2021-01-16 00:14:01.954  INFO 2032 --- [XNIO-1 task-61] l.server.player.AudioLoaderRestHandler   : Got request to load for identifier "https://youtu.be/XIROsysWyL8"
2021-01-16 00:14:02.274  INFO 2032 --- [lava-daemon-pool-info-loader-2-thread-1] lavalink.server.player.AudioLoader       : Loaded track Mighty Heap feat. Hatsune Miku - Sorcerer's Doll (Кукла колдуна - КиШ cover)
2021-01-16 00:14:09.867  INFO 2032 --- [XNIO-1 I/O-6] lavalink.server.io.SocketServer          : {"endTime":10000,"track":"QAAAegIAGUVoZSBUZSBOYW5kYXlvISAo77\u002BjXu\u002B/oykAB0hvZGFrYWEAAAAAAAAnEAALMWV4SzM0cl9CYVUAAQAraHR0cHM6Ly93d3cueW91dHViZS5jb20vd2F0Y2g/dj0xZXhLMzRyX0JhVQAHeW91dHViZQAAAAAAAAAA","noReplace":false,"startTime":0,"guildId":"768940267993563167","op":"play"}
2021-01-16 00:14:17.269  INFO 2032 --- [XNIO-1 I/O-6] lavalink.server.io.SocketServer          : {"endTime":205000,"track":"QAAAwAIAW01pZ2h0eSBIZWFwIGZlYXQuIEhhdHN1bmUgTWlrdSAtIFNvcmNlcmVyJ3MgRG9sbCAo0JrRg9C60LvQsCDQutC\u002B0LvQtNGD0L3QsCAtINCa0LjQqCBjb3ZlcikAC01pZ2h0eSBIZWFwAAAAAAADIMgAC1hJUk9zeXNXeUw4AAEAK2h0dHBzOi8vd3d3LnlvdXR1YmUuY29tL3dhdGNoP3Y9WElST3N5c1d5TDgAB3lvdXR1YmUAAAAAAAAAAA==","noReplace":false,"startTime":0,"guildId":"768940267993563167","op":"play"}
2021-01-16 00:15:00.635  INFO 2032 --- [XNIO-1 I/O-6] lavalink.server.io.SocketServer          : Connection closed from /127.0.0.1:61758 -- CloseStatus[code=1006, reason=]
2021-01-16 00:15:00.636  INFO 2032 --- [XNIO-1 I/O-6] lavalink.server.io.SocketContext         : Shutting down 1 playing players.
2021-01-16 00:15:12.026  INFO 2032 --- [XNIO-1 task-63] l.server.io.HandshakeInterceptorImpl     : Incoming connection from /127.0.0.1:61784
2021-01-16 00:15:12.029  INFO 2032 --- [XNIO-1 task-63] lavalink.server.io.SocketServer          : Connection successfully established from /127.0.0.1:61784
2021-01-16 00:15:13.750  INFO 2032 --- [XNIO-1 task-64] l.server.player.AudioLoaderRestHandler   : Got request to load for identifier "https://youtu.be/1exK34r_BaU"
2021-01-16 00:15:14.075  INFO 2032 --- [lava-daemon-pool-info-loader-2-thread-1] lavalink.server.player.AudioLoader       : Loaded track Ehe Te Nandayo! (?^?)
2021-01-16 00:15:14.104  INFO 2032 --- [XNIO-1 I/O-8] lavalink.server.io.SocketServer          : {"endTime":10000,"track":"QAAAegIAGUVoZSBUZSBOYW5kYXlvISAo77\u002BjXu\u002B/oykAB0hvZGFrYWEAAAAAAAAnEAALMWV4SzM0cl9CYVUAAQAraHR0cHM6Ly93d3cueW91dHViZS5jb20vd2F0Y2g/dj0xZXhLMzRyX0JhVQAHeW91dHViZQAAAAAAAAAA","noReplace":false,"startTime":0,"guildId":"768940267993563167","op":"play"}
2021-01-16 00:15:14.473  INFO 2032 --- [XNIO-1 I/O-8] lavalink.server.io.SocketServer          : {"guildId":"768940267993563167","sessionId":"596eb6ade0276fe6ff69cca5f0fc1fcc","event":{"token":"cd6108dd91e0930a","endpoint":"russia2380.discord.media:443"},"op":"voiceUpdate"}
2021-01-16 00:15:14.480  INFO 2032 --- [XNIO-1 task-66] l.server.player.AudioLoaderRestHandler   : Got request to load for identifier "https://youtu.be/lL6vBBSuZrE"
2021-01-16 00:15:14.890  INFO 2032 --- [lava-daemon-pool-info-loader-2-thread-1] lavalink.server.player.AudioLoader       : Loaded track 88005553535? Проще позвонить, чем у кого-то занимать
2021-01-16 00:15:24.556  INFO 2032 --- [XNIO-1 I/O-8] lavalink.server.io.SocketServer          : {"endTime":15000,"track":"QAAAuQIAWTg4MDA1NTUzNTM17aC97bOxINCf0YDQvtGJ0LUg0L/QvtC30LLQvtC90LjRgtGMLCDRh9C10Lwg0YMg0LrQvtCz0L4t0YLQviDQt9Cw0L3QuNC80LDRgtGMAAZkZGVuZ2kAAAAAAAA6mAALbEw2dkJCU3VackUAAQAraHR0cHM6Ly93d3cueW91dHViZS5jb20vd2F0Y2g/dj1sTDZ2QkJTdVpyRQAHeW91dHViZQAAAAAAAAAA","noReplace":false,"startTime":0,"guildId":"768940267993563167","op":"play"}
2021-01-16 00:15:34.946  INFO 2032 --- [XNIO-1 task-68] l.server.player.AudioLoaderRestHandler   : Got request to load for identifier "https://youtu.be/XIROsysWyL8"
2021-01-16 00:15:35.311  INFO 2032 --- [lava-daemon-pool-info-loader-2-thread-1] lavalink.server.player.AudioLoader       : Loaded track Mighty Heap feat. Hatsune Miku - Sorcerer's Doll (Кукла колдуна - КиШ cover)
2021-01-16 00:15:39.932  INFO 2032 --- [XNIO-1 I/O-8] lavalink.server.io.SocketServer          : {"endTime":10000,"track":"QAAAegIAGUVoZSBUZSBOYW5kYXlvISAo77\u002BjXu\u002B/oykAB0hvZGFrYWEAAAAAAAAnEAALMWV4SzM0cl9CYVUAAQAraHR0cHM6Ly93d3cueW91dHViZS5jb20vd2F0Y2g/dj0xZXhLMzRyX0JhVQAHeW91dHViZQAAAAAAAAAA","noReplace":false,"startTime":0,"guildId":"768940267993563167","op":"play"}
2021-01-16 00:15:47.710  INFO 2032 --- [XNIO-1 I/O-8] lavalink.server.io.SocketServer          : {"endTime":205000,"track":"QAAAwAIAW01pZ2h0eSBIZWFwIGZlYXQuIEhhdHN1bmUgTWlrdSAtIFNvcmNlcmVyJ3MgRG9sbCAo0JrRg9C60LvQsCDQutC\u002B0LvQtNGD0L3QsCAtINCa0LjQqCBjb3ZlcikAC01pZ2h0eSBIZWFwAAAAAAADIMgAC1hJUk9zeXNXeUw4AAEAK2h0dHBzOi8vd3d3LnlvdXR1YmUuY29tL3dhdGNoP3Y9WElST3N5c1d5TDgAB3lvdXR1YmUAAAAAAAAAAA==","noReplace":false,"startTime":0,"guildId":"768940267993563167","op":"play"}
2021-01-16 00:15:55.300  INFO 2032 --- [XNIO-1 I/O-8] lavalink.server.io.SocketServer          : {"endTime":15000,"track":"QAAAuQIAWTg4MDA1NTUzNTM17aC97bOxINCf0YDQvtGJ0LUg0L/QvtC30LLQvtC90LjRgtGMLCDRh9C10Lwg0YMg0LrQvtCz0L4t0YLQviDQt9Cw0L3QuNC80LDRgtGMAAZkZGVuZ2kAAAAAAAA6mAALbEw2dkJCU3VackUAAQAraHR0cHM6Ly93d3cueW91dHViZS5jb20vd2F0Y2g/dj1sTDZ2QkJTdVpyRQAHeW91dHViZQAAAAAAAAAA","noReplace":false,"startTime":0,"guildId":"768940267993563167","op":"play"}
2021-01-16 00:16:01.574  INFO 2032 --- [XNIO-1 I/O-8] lavalink.server.io.SocketServer          : {"endTime":10000,"track":"QAAAegIAGUVoZSBUZSBOYW5kYXlvISAo77\u002BjXu\u002B/oykAB0hvZGFrYWEAAAAAAAAnEAALMWV4SzM0cl9CYVUAAQAraHR0cHM6Ly93d3cueW91dHViZS5jb20vd2F0Y2g/dj0xZXhLMzRyX0JhVQAHeW91dHViZQAAAAAAAAAA","noReplace":false,"startTime":0,"guildId":"768940267993563167","op":"play"}
2021-01-16 00:16:08.149  INFO 2032 --- [XNIO-1 I/O-8] lavalink.server.io.SocketServer          : {"endTime":205000,"track":"QAAAwAIAW01pZ2h0eSBIZWFwIGZlYXQuIEhhdHN1bmUgTWlrdSAtIFNvcmNlcmVyJ3MgRG9sbCAo0JrRg9C60LvQsCDQutC\u002B0LvQtNGD0L3QsCAtINCa0LjQqCBjb3ZlcikAC01pZ2h0eSBIZWFwAAAAAAADIMgAC1hJUk9zeXNXeUw4AAEAK2h0dHBzOi8vd3d3LnlvdXR1YmUuY29tL3dhdGNoP3Y9WElST3N5c1d5TDgAB3lvdXR1YmUAAAAAAAAAAA==","noReplace":false,"startTime":0,"guildId":"768940267993563167","op":"play"}
2021-01-16 00:16:43.318  INFO 2032 --- [XNIO-1 I/O-8] lavalink.server.io.SocketServer          : {"guildId":"768940267993563167","op":"stop"}
2021-01-16 00:16:43.324  INFO 2032 --- [XNIO-1 I/O-8] lavalink.server.io.SocketServer          : {"endTime":15000,"track":"QAAAuQIAWTg4MDA1NTUzNTM17aC97bOxINCf0YDQvtGJ0LUg0L/QvtC30LLQvtC90LjRgtGMLCDRh9C10Lwg0YMg0LrQvtCz0L4t0YLQviDQt9Cw0L3QuNC80LDRgtGMAAZkZGVuZ2kAAAAAAAA6mAALbEw2dkJCU3VackUAAQAraHR0cHM6Ly93d3cueW91dHViZS5jb20vd2F0Y2g/dj1sTDZ2QkJTdVpyRQAHeW91dHViZQAAAAAAAAAA","noReplace":false,"startTime":0,"guildId":"768940267993563167","op":"play"}
2021-01-16 00:16:50.800  INFO 2032 --- [XNIO-1 I/O-8] lavalink.server.io.SocketServer          : {"guildId":"768940267993563167","op":"stop"}
2021-01-16 00:16:50.802  INFO 2032 --- [XNIO-1 I/O-8] lavalink.server.io.SocketServer          : {"endTime":10000,"track":"QAAAegIAGUVoZSBUZSBOYW5kYXlvISAo77\u002BjXu\u002B/oykAB0hvZGFrYWEAAAAAAAAnEAALMWV4SzM0cl9CYVUAAQAraHR0cHM6Ly93d3cueW91dHViZS5jb20vd2F0Y2g/dj0xZXhLMzRyX0JhVQAHeW91dHViZQAAAAAAAAAA","noReplace":false,"startTime":0,"guildId":"768940267993563167","op":"play"}
2021-01-16 00:16:56.177  INFO 2032 --- [XNIO-1 I/O-8] lavalink.server.io.SocketServer          : {"guildId":"768940267993563167","op":"stop"}
2021-01-16 00:17:00.315  INFO 2032 --- [XNIO-1 I/O-8] lavalink.server.io.SocketServer          : Connection closed from /127.0.0.1:61784 -- CloseStatus[code=1006, reason=]
2021-01-16 00:17:00.316  INFO 2032 --- [XNIO-1 I/O-8] lavalink.server.io.SocketContext         : Shutting down 0 playing players.
2021-01-16 00:21:02.181  INFO 2032 --- [XNIO-1 task-70] l.server.io.HandshakeInterceptorImpl     : Incoming connection from /127.0.0.1:61825
2021-01-16 00:21:02.184  INFO 2032 --- [XNIO-1 task-70] lavalink.server.io.SocketServer          : Connection successfully established from /127.0.0.1:61825
2021-01-16 00:21:23.325  INFO 2032 --- [XNIO-1 task-71] l.server.player.AudioLoaderRestHandler   : Got request to load for identifier "https://youtu.be/XIROsysWyL8"
2021-01-16 00:21:23.755  INFO 2032 --- [lava-daemon-pool-info-loader-2-thread-1] lavalink.server.player.AudioLoader       : Loaded track Mighty Heap feat. Hatsune Miku - Sorcerer's Doll (Кукла колдуна - КиШ cover)
2021-01-16 00:21:23.788  INFO 2032 --- [XNIO-1 I/O-1] lavalink.server.io.SocketServer          : {"endTime":205000,"track":"QAAAwAIAW01pZ2h0eSBIZWFwIGZlYXQuIEhhdHN1bmUgTWlrdSAtIFNvcmNlcmVyJ3MgRG9sbCAo0JrRg9C60LvQsCDQutC\u002B0LvQtNGD0L3QsCAtINCa0LjQqCBjb3ZlcikAC01pZ2h0eSBIZWFwAAAAAAADIMgAC1hJUk9zeXNXeUw4AAEAK2h0dHBzOi8vd3d3LnlvdXR1YmUuY29tL3dhdGNoP3Y9WElST3N5c1d5TDgAB3lvdXR1YmUAAAAAAAAAAA==","noReplace":false,"startTime":0,"guildId":"768940267993563167","op":"play"}
2021-01-16 00:21:24.192  INFO 2032 --- [XNIO-1 I/O-1] lavalink.server.io.SocketServer          : {"guildId":"768940267993563167","sessionId":"ea24cef0dcda6533e2c8206620f40833","event":{"token":"71c4f3624b5ffc47","endpoint":"russia2380.discord.media:443"},"op":"voiceUpdate"}
2021-01-16 00:21:25.670  INFO 2032 --- [XNIO-1 task-73] l.server.player.AudioLoaderRestHandler   : Got request to load for identifier "https://youtu.be/lL6vBBSuZrE"
2021-01-16 00:21:25.954  INFO 2032 --- [lava-daemon-pool-info-loader-2-thread-1] lavalink.server.player.AudioLoader       : Loaded track 88005553535? Проще позвонить, чем у кого-то занимать
2021-01-16 00:21:31.609  INFO 2032 --- [XNIO-1 I/O-1] lavalink.server.io.SocketServer          : {"guildId":"768940267993563167","op":"stop"}
2021-01-16 00:21:31.631  INFO 2032 --- [XNIO-1 I/O-1] lavalink.server.io.SocketServer          : {"endTime":15000,"track":"QAAAuQIAWTg4MDA1NTUzNTM17aC97bOxINCf0YDQvtGJ0LUg0L/QvtC30LLQvtC90LjRgtGMLCDRh9C10Lwg0YMg0LrQvtCz0L4t0YLQviDQt9Cw0L3QuNC80LDRgtGMAAZkZGVuZ2kAAAAAAAA6mAALbEw2dkJCU3VackUAAQAraHR0cHM6Ly93d3cueW91dHViZS5jb20vd2F0Y2g/dj1sTDZ2QkJTdVpyRQAHeW91dHViZQAAAAAAAAAA","noReplace":false,"startTime":0,"guildId":"768940267993563167","op":"play"}
2021-01-16 00:22:07.025  INFO 2032 --- [XNIO-1 task-75] l.server.player.AudioLoaderRestHandler   : Got request to load for identifier "https://youtu.be/XIROsysWyL8"
2021-01-16 00:22:07.403  INFO 2032 --- [lava-daemon-pool-info-loader-2-thread-1] lavalink.server.player.AudioLoader       : Loaded track Mighty Heap feat. Hatsune Miku - Sorcerer's Doll (Кукла колдуна - КиШ cover)
2021-01-16 00:22:07.406  INFO 2032 --- [XNIO-1 I/O-1] lavalink.server.io.SocketServer          : {"endTime":205000,"track":"QAAAwAIAW01pZ2h0eSBIZWFwIGZlYXQuIEhhdHN1bmUgTWlrdSAtIFNvcmNlcmVyJ3MgRG9sbCAo0JrRg9C60LvQsCDQutC\u002B0LvQtNGD0L3QsCAtINCa0LjQqCBjb3ZlcikAC01pZ2h0eSBIZWFwAAAAAAADIMgAC1hJUk9zeXNXeUw4AAEAK2h0dHBzOi8vd3d3LnlvdXR1YmUuY29tL3dhdGNoP3Y9WElST3N5c1d5TDgAB3lvdXR1YmUAAAAAAAAAAA==","noReplace":false,"startTime":0,"guildId":"768940267993563167","op":"play"}
2021-01-16 00:22:10.059  INFO 2032 --- [XNIO-1 task-77] l.server.player.AudioLoaderRestHandler   : Got request to load for identifier "https://youtu.be/lL6vBBSuZrE"
2021-01-16 00:22:10.381  INFO 2032 --- [lava-daemon-pool-info-loader-2-thread-1] lavalink.server.player.AudioLoader       : Loaded track 88005553535? Проще позвонить, чем у кого-то занимать
2021-01-16 00:22:31.175  INFO 2032 --- [XNIO-1 I/O-1] lavalink.server.io.SocketServer          : {"guildId":"768940267993563167","op":"stop"}
2021-01-16 00:22:31.187  INFO 2032 --- [XNIO-1 I/O-1] lavalink.server.io.SocketServer          : {"endTime":15000,"track":"QAAAuQIAWTg4MDA1NTUzNTM17aC97bOxINCf0YDQvtGJ0LUg0L/QvtC30LLQvtC90LjRgtGMLCDRh9C10Lwg0YMg0LrQvtCz0L4t0YLQviDQt9Cw0L3QuNC80LDRgtGMAAZkZGVuZ2kAAAAAAAA6mAALbEw2dkJCU3VackUAAQAraHR0cHM6Ly93d3cueW91dHViZS5jb20vd2F0Y2g/dj1sTDZ2QkJTdVpyRQAHeW91dHViZQAAAAAAAAAA","noReplace":false,"startTime":0,"guildId":"768940267993563167","op":"play"}
2021-01-16 00:22:48.290  INFO 2032 --- [XNIO-1 I/O-1] lavalink.server.io.SocketServer          : Connection closed from /127.0.0.1:61825 -- CloseStatus[code=1006, reason=]
2021-01-16 00:22:48.291  INFO 2032 --- [XNIO-1 I/O-1] lavalink.server.io.SocketContext         : Shutting down 0 playing players.
2021-01-16 00:22:59.274  INFO 2032 --- [XNIO-1 task-79] l.server.io.HandshakeInterceptorImpl     : Incoming connection from /127.0.0.1:61841
2021-01-16 00:22:59.277  INFO 2032 --- [XNIO-1 task-79] lavalink.server.io.SocketServer          : Connection successfully established from /127.0.0.1:61841
2021-01-16 00:23:06.562  INFO 2032 --- [XNIO-1 task-80] l.server.player.AudioLoaderRestHandler   : Got request to load for identifier "https://youtu.be/XIROsysWyL8"
2021-01-16 00:23:06.895  INFO 2032 --- [lava-daemon-pool-info-loader-2-thread-1] lavalink.server.player.AudioLoader       : Loaded track Mighty Heap feat. Hatsune Miku - Sorcerer's Doll (Кукла колдуна - КиШ cover)
2021-01-16 00:23:06.929  INFO 2032 --- [XNIO-1 I/O-5] lavalink.server.io.SocketServer          : {"endTime":205000,"track":"QAAAwAIAW01pZ2h0eSBIZWFwIGZlYXQuIEhhdHN1bmUgTWlrdSAtIFNvcmNlcmVyJ3MgRG9sbCAo0JrRg9C60LvQsCDQutC\u002B0LvQtNGD0L3QsCAtINCa0LjQqCBjb3ZlcikAC01pZ2h0eSBIZWFwAAAAAAADIMgAC1hJUk9zeXNXeUw4AAEAK2h0dHBzOi8vd3d3LnlvdXR1YmUuY29tL3dhdGNoP3Y9WElST3N5c1d5TDgAB3lvdXR1YmUAAAAAAAAAAA==","noReplace":false,"startTime":0,"guildId":"768940267993563167","op":"play"}
2021-01-16 00:23:07.242  INFO 2032 --- [XNIO-1 I/O-5] lavalink.server.io.SocketServer          : {"guildId":"768940267993563167","sessionId":"58b87f570045bc3ecff3d551c5acd7ce","event":{"token":"71c4f3624b5ffc47","endpoint":"russia2380.discord.media:443"},"op":"voiceUpdate"}
2021-01-16 00:23:07.919  INFO 2032 --- [XNIO-1 task-82] l.server.player.AudioLoaderRestHandler   : Got request to load for identifier "https://youtu.be/lL6vBBSuZrE"
2021-01-16 00:23:08.214  INFO 2032 --- [lava-daemon-pool-info-loader-2-thread-1] lavalink.server.player.AudioLoader       : Loaded track 88005553535? Проще позвонить, чем у кого-то занимать
2021-01-16 00:23:19.428  INFO 2032 --- [XNIO-1 I/O-5] lavalink.server.io.SocketServer          : {"guildId":"768940267993563167","op":"stop"}
2021-01-16 00:23:24.399  INFO 2032 --- [XNIO-1 I/O-5] lavalink.server.io.SocketServer          : {"guildId":"768940267993563167","op":"stop"}
2021-01-16 00:23:24.411  INFO 2032 --- [XNIO-1 I/O-5] lavalink.server.io.SocketServer          : {"endTime":15000,"track":"QAAAuQIAWTg4MDA1NTUzNTM17aC97bOxINCf0YDQvtGJ0LUg0L/QvtC30LLQvtC90LjRgtGMLCDRh9C10Lwg0YMg0LrQvtCz0L4t0YLQviDQt9Cw0L3QuNC80LDRgtGMAAZkZGVuZ2kAAAAAAAA6mAALbEw2dkJCU3VackUAAQAraHR0cHM6Ly93d3cueW91dHViZS5jb20vd2F0Y2g/dj1sTDZ2QkJTdVpyRQAHeW91dHViZQAAAAAAAAAA","noReplace":false,"startTime":0,"guildId":"768940267993563167","op":"play"}
2021-01-16 00:23:33.239  INFO 2032 --- [XNIO-1 I/O-5] lavalink.server.io.SocketServer          : Connection closed from /127.0.0.1:61841 -- CloseStatus[code=1006, reason=]
2021-01-16 00:23:33.239  INFO 2032 --- [XNIO-1 I/O-5] lavalink.server.io.SocketContext         : Shutting down 1 playing players.
